2019-05-31 14:12:41,225 INFO  [org.jboss.modules] (main) JBoss Modules version 1.9.0.Final
2019-05-31 14:12:41,653 INFO  [org.jboss.msc] (main) JBoss MSC version 1.4.5.Final
2019-05-31 14:12:41,660 INFO  [org.jboss.threads] (main) JBoss Threads version 2.3.3.Final
2019-05-31 14:12:41,812 INFO  [org.jboss.as] (MSC service thread 1-2) WFLYSRV0049: WildFly Full 16.0.0.Final (WildFly Core 8.0.0.Final) starting
2019-05-31 14:12:41,814 DEBUG [org.jboss.as.config] (MSC service thread 1-2) Configured system properties:
	[Standalone] = 
	awt.toolkit = sun.awt.X11.XToolkit
	file.encoding = UTF-8
	file.separator = /
	java.awt.graphicsenv = sun.awt.X11GraphicsEnvironment
	java.awt.headless = true
	java.awt.printerjob = sun.print.PSPrinterJob
	java.class.path = /home/treshch/projects/another_qa/wildfly-16.0.0.Final/jboss-modules.jar
	java.class.version = 55.0
	java.home = /usr/lib/jvm/java-11-openjdk-amd64
	java.io.tmpdir = /tmp
	java.library.path = /usr/java/packages/lib:/usr/lib/x86_64-linux-gnu/jni:/lib/x86_64-linux-gnu:/usr/lib/x86_64-linux-gnu:/usr/lib/jni:/lib:/usr/lib
	java.net.preferIPv4Stack = true
	java.runtime.name = OpenJDK Runtime Environment
	java.runtime.version = 11.0.3+7-Ubuntu-1ubuntu218.04.1
	java.specification.name = Java Platform API Specification
	java.specification.vendor = Oracle Corporation
	java.specification.version = 11
	java.util.logging.manager = org.jboss.logmanager.LogManager
	java.vendor = Oracle Corporation
	java.vendor.url = http://java.oracle.com/
	java.vendor.url.bug = http://bugreport.java.com/bugreport/
	java.version = 11.0.3
	java.version.date = 2019-04-16
	java.vm.compressedOopsMode = 32-bit
	java.vm.info = mixed mode, sharing
	java.vm.name = OpenJDK 64-Bit Server VM
	java.vm.specification.name = Java Virtual Machine Specification
	java.vm.specification.vendor = Oracle Corporation
	java.vm.specification.version = 11
	java.vm.vendor = Oracle Corporation
	java.vm.version = 11.0.3+7-Ubuntu-1ubuntu218.04.1
	javax.management.builder.initial = org.jboss.as.jmx.PluggableMBeanServerBuilder
	jboss.home.dir = /home/treshch/projects/another_qa/wildfly-16.0.0.Final
	jboss.host.name = treshch
	jboss.modules.dir = /home/treshch/projects/another_qa/wildfly-16.0.0.Final/modules
	jboss.modules.system.pkgs = org.jboss.byteman
	jboss.node.name = treshch
	jboss.qualified.host.name = treshch
	jboss.server.base.dir = /home/treshch/projects/another_qa/wildfly-16.0.0.Final/standalone
	jboss.server.config.dir = /home/treshch/projects/another_qa/wildfly-16.0.0.Final/standalone/configuration
	jboss.server.data.dir = /home/treshch/projects/another_qa/wildfly-16.0.0.Final/standalone/data
	jboss.server.deploy.dir = /home/treshch/projects/another_qa/wildfly-16.0.0.Final/standalone/data/content
	jboss.server.log.dir = /home/treshch/projects/another_qa/wildfly-16.0.0.Final/standalone/log
	jboss.server.name = treshch
	jboss.server.persist.config = true
	jboss.server.temp.dir = /home/treshch/projects/another_qa/wildfly-16.0.0.Final/standalone/tmp
	jdk.debug = release
	line.separator = 

	logging.configuration = file:/home/treshch/projects/another_qa/wildfly-16.0.0.Final/standalone/configuration/logging.properties
	module.path = /home/treshch/projects/another_qa/wildfly-16.0.0.Final/modules
	org.jboss.boot.log.file = /home/treshch/projects/another_qa/wildfly-16.0.0.Final/standalone/log/server.log
	org.jboss.resolver.warning = true
	os.arch = amd64
	os.name = Linux
	os.version = 4.15.0-50-generic
	path.separator = :
	sun.arch.data.model = 64
	sun.boot.library.path = /usr/lib/jvm/java-11-openjdk-amd64/lib
	sun.cpu.endian = little
	sun.cpu.isalist = 
	sun.desktop = gnome
	sun.io.unicode.encoding = UnicodeLittle
	sun.java.command = /home/treshch/projects/another_qa/wildfly-16.0.0.Final/jboss-modules.jar -mp /home/treshch/projects/another_qa/wildfly-16.0.0.Final/modules org.jboss.as.standalone -Djboss.home.dir=/home/treshch/projects/another_qa/wildfly-16.0.0.Final -Djboss.server.base.dir=/home/treshch/projects/another_qa/wildfly-16.0.0.Final/standalone
	sun.java.launcher = SUN_STANDARD
	sun.jnu.encoding = UTF-8
	sun.management.compiler = HotSpot 64-Bit Tiered Compilers
	sun.os.patch.level = unknown
	user.country = US
	user.dir = /home/treshch/projects/another_qa/wildfly-16.0.0.Final/bin
	user.home = /home/treshch
	user.language = en
	user.name = treshch
	user.timezone = Europe/Kiev
2019-05-31 14:12:41,817 DEBUG [org.jboss.as.config] (MSC service thread 1-2) VM Arguments: -D[Standalone] -Xms64m -Xmx512m -XX:MetaspaceSize=96M -XX:MaxMetaspaceSize=256m -Djava.net.preferIPv4Stack=true -Djboss.modules.system.pkgs=org.jboss.byteman -Djava.awt.headless=true --add-exports=java.base/sun.nio.ch=ALL-UNNAMED --add-exports=jdk.unsupported/sun.misc=ALL-UNNAMED --add-exports=jdk.unsupported/sun.reflect=ALL-UNNAMED --add-modules=java.se -Dorg.jboss.boot.log.file=/home/treshch/projects/another_qa/wildfly-16.0.0.Final/standalone/log/server.log -Dlogging.configuration=file:/home/treshch/projects/another_qa/wildfly-16.0.0.Final/standalone/configuration/logging.properties 
2019-05-31 14:12:42,600 INFO  [org.wildfly.security] (ServerService Thread Pool -- 26) ELY00001: WildFly Elytron version 1.8.0.Final
2019-05-31 14:12:43,145 INFO  [org.jboss.as.controller.management-deprecated] (Controller Boot Thread) WFLYCTL0028: Attribute 'security-realm' in the resource at address '/core-service=management/management-interface=http-interface' is deprecated, and may be removed in a future version. See the attribute description in the output of the read-resource-description operation to learn more about the deprecation.
2019-05-31 14:12:43,177 INFO  [org.jboss.as.controller.management-deprecated] (ServerService Thread Pool -- 23) WFLYCTL0028: Attribute 'security-realm' in the resource at address '/subsystem=undertow/server=default-server/https-listener=https' is deprecated, and may be removed in a future version. See the attribute description in the output of the read-resource-description operation to learn more about the deprecation.
2019-05-31 14:12:43,371 INFO  [org.jboss.as.repository] (ServerService Thread Pool -- 7) WFLYDR0001: Content added at location /home/treshch/projects/another_qa/wildfly-16.0.0.Final/standalone/data/content/07/618228aad536f93c781e958b4cef3e3c4a741a/content
2019-05-31 14:12:43,400 INFO  [org.jboss.as.server] (Controller Boot Thread) WFLYSRV0039: Creating http management service using socket-binding (management-http)
2019-05-31 14:12:43,418 INFO  [org.xnio] (MSC service thread 1-8) XNIO version 3.6.5.Final
2019-05-31 14:12:43,427 INFO  [org.xnio.nio] (MSC service thread 1-8) XNIO NIO Implementation Version 3.6.5.Final
2019-05-31 14:12:43,476 INFO  [org.jboss.as.clustering.infinispan] (ServerService Thread Pool -- 49) WFLYCLINF0001: Activating Infinispan subsystem.
2019-05-31 14:12:43,486 INFO  [org.jboss.as.connector] (MSC service thread 1-5) WFLYJCA0009: Starting JCA Subsystem (WildFly/IronJacamar 1.4.12.Final)
2019-05-31 14:12:43,495 INFO  [org.jboss.remoting] (MSC service thread 1-8) JBoss Remoting version 5.0.8.Final
2019-05-31 14:12:43,495 INFO  [org.wildfly.extension.io] (ServerService Thread Pool -- 50) WFLYIO001: Worker 'default' has auto-configured to 16 core threads with 128 task threads based on your 8 available processors
2019-05-31 14:12:43,510 INFO  [org.wildfly.extension.microprofile.config.smallrye._private] (ServerService Thread Pool -- 58) WFLYCONF0001: Activating WildFly MicroProfile Config Subsystem
2019-05-31 14:12:43,513 INFO  [org.jboss.as.jaxrs] (ServerService Thread Pool -- 51) WFLYRS0016: RESTEasy version 3.6.3.Final
2019-05-31 14:12:43,525 INFO  [org.jboss.as.connector.subsystems.datasources] (ServerService Thread Pool -- 42) WFLYJCA0004: Deploying JDBC-compliant driver class org.h2.Driver (version 1.4)
2019-05-31 14:12:43,533 INFO  [org.jboss.as.naming] (ServerService Thread Pool -- 62) WFLYNAM0001: Activating Naming Subsystem
2019-05-31 14:12:43,537 INFO  [org.jboss.as.security] (ServerService Thread Pool -- 68) WFLYSEC0002: Activating Security Subsystem
2019-05-31 14:12:43,536 INFO  [org.jboss.as.connector.deployers.jdbc] (MSC service thread 1-1) WFLYJCA0018: Started Driver service with driver-name = h2
2019-05-31 14:12:43,540 INFO  [org.jboss.as.security] (MSC service thread 1-6) WFLYSEC0001: Current PicketBox version=5.0.3.Final
2019-05-31 14:12:43,542 INFO  [org.wildfly.extension.microprofile.health.smallrye] (ServerService Thread Pool -- 59) WFLYHEALTH0001: Activating Eclipse MicroProfile Health Subsystem
2019-05-31 14:12:43,542 INFO  [org.wildfly.extension.microprofile.opentracing] (ServerService Thread Pool -- 61) WFLYTRACEXT0001: Activating MicroProfile OpenTracing Subsystem
2019-05-31 14:12:43,569 INFO  [org.wildfly.extension.microprofile.metrics.smallrye] (ServerService Thread Pool -- 60) WFLYMETRICS0001: Activating Eclipse MicroProfile Metrics Subsystem
2019-05-31 14:12:43,554 INFO  [org.jboss.as.mail.extension] (MSC service thread 1-5) WFLYMAIL0002: Unbound mail session [java:jboss/mail/Default]
2019-05-31 14:12:43,546 INFO  [org.jboss.as.jsf] (ServerService Thread Pool -- 56) WFLYJSF0007: Activated the following JSF Implementations: [main]
2019-05-31 14:12:43,574 WARN  [org.jboss.as.txn] (ServerService Thread Pool -- 70) WFLYTX0013: The node-identifier attribute on the /subsystem=transactions is set to the default value. This is a danger for environments running multiple servers. Please make sure the attribute value is unique.
2019-05-31 14:12:43,608 INFO  [org.jboss.as.webservices] (ServerService Thread Pool -- 72) WFLYWS0002: Activating WebServices Extension
2019-05-31 14:12:43,615 INFO  [org.jboss.as.mail.extension] (MSC service thread 1-2) WFLYMAIL0001: Bound mail session [java:jboss/mail/Default]
2019-05-31 14:12:43,584 INFO  [org.jboss.as.naming] (MSC service thread 1-3) WFLYNAM0003: Starting Naming Service
2019-05-31 14:12:43,637 INFO  [io.smallrye.metrics] (MSC service thread 1-4) Converted [2] config entries and added [4] replacements
2019-05-31 14:12:43,638 INFO  [org.wildfly.extension.undertow] (MSC service thread 1-3) WFLYUT0003: Undertow 2.0.19.Final starting
2019-05-31 14:12:43,643 INFO  [io.smallrye.metrics] (MSC service thread 1-4) Converted [3] config entries and added [18] replacements
2019-05-31 14:12:43,654 INFO  [org.jboss.as.ejb3] (MSC service thread 1-7) WFLYEJB0481: Strict pool slsb-strict-max-pool is using a max instance size of 128 (per class), which is derived from thread worker pool sizing.
2019-05-31 14:12:43,659 INFO  [org.jboss.as.ejb3] (MSC service thread 1-2) WFLYEJB0482: Strict pool mdb-strict-max-pool is using a max instance size of 32 (per class), which is derived from the number of CPUs on this host.
2019-05-31 14:12:43,692 INFO  [org.jboss.as.connector.subsystems.datasources] (MSC service thread 1-5) WFLYJCA0010: Unbound data source [java:jboss/datasources/ExampleDS]
2019-05-31 14:12:43,797 INFO  [org.wildfly.extension.undertow] (ServerService Thread Pool -- 71) WFLYUT0014: Creating file handler for path '/home/treshch/projects/another_qa/wildfly-16.0.0.Final/welcome-content' with options [directory-listing: 'false', follow-symlink: 'false', case-sensitive: 'true', safe-symlink-paths: '[]']
2019-05-31 14:12:43,823 INFO  [org.wildfly.extension.undertow] (MSC service thread 1-7) WFLYUT0012: Started server default-server.
2019-05-31 14:12:43,825 INFO  [org.wildfly.extension.undertow] (MSC service thread 1-6) WFLYUT0018: Host default-host starting
2019-05-31 14:12:43,900 ERROR [org.jboss.msc.service.fail] (MSC service thread 1-1) MSC000001: Failed to start service org.wildfly.undertow.listener.default: org.jboss.msc.service.StartException in service org.wildfly.undertow.listener.default: Address already in use /127.0.0.1:8080
	at org.wildfly.extension.undertow@16.0.0.Final//org.wildfly.extension.undertow.ListenerService.start(ListenerService.java:209)
	at org.jboss.msc@1.4.5.Final//org.jboss.msc.service.ServiceControllerImpl$StartTask.startService(ServiceControllerImpl.java:1738)
	at org.jboss.msc@1.4.5.Final//org.jboss.msc.service.ServiceControllerImpl$StartTask.execute(ServiceControllerImpl.java:1700)
	at org.jboss.msc@1.4.5.Final//org.jboss.msc.service.ServiceControllerImpl$ControllerTask.run(ServiceControllerImpl.java:1558)
	at org.jboss.threads@2.3.3.Final//org.jboss.threads.ContextClassLoaderSavingRunnable.run(ContextClassLoaderSavingRunnable.java:35)
	at org.jboss.threads@2.3.3.Final//org.jboss.threads.EnhancedQueueExecutor.safeRun(EnhancedQueueExecutor.java:1982)
	at org.jboss.threads@2.3.3.Final//org.jboss.threads.EnhancedQueueExecutor$ThreadBody.doRunTask(EnhancedQueueExecutor.java:1486)
	at org.jboss.threads@2.3.3.Final//org.jboss.threads.EnhancedQueueExecutor$ThreadBody.run(EnhancedQueueExecutor.java:1377)
	at java.base/java.lang.Thread.run(Thread.java:834)

2019-05-31 14:12:43,997 INFO  [org.jboss.as.ejb3] (MSC service thread 1-2) WFLYEJB0493: EJB subsystem suspension complete
2019-05-31 14:12:44,065 INFO  [org.jboss.as.connector.subsystems.datasources] (MSC service thread 1-2) WFLYJCA0001: Bound data source [java:jboss/datasources/ExampleDS]
2019-05-31 14:12:44,126 INFO  [org.jboss.as.patching] (MSC service thread 1-4) WFLYPAT0050: WildFly Full cumulative patch ID is: base, one-off patches include: none
2019-05-31 14:12:44,139 WARN  [org.jboss.as.domain.management.security] (MSC service thread 1-6) WFLYDM0111: Keystore /home/treshch/projects/another_qa/wildfly-16.0.0.Final/standalone/configuration/application.keystore not found, it will be auto generated on first use with a self signed certificate for host localhost
2019-05-31 14:12:44,149 INFO  [org.jboss.as.server.deployment.scanner] (MSC service thread 1-3) WFLYDS0013: Started FileSystemDeploymentService for directory /home/treshch/projects/another_qa/wildfly-16.0.0.Final/standalone/deployments
2019-05-31 14:12:44,159 INFO  [org.jboss.as.server.deployment] (MSC service thread 1-5) WFLYSRV0027: Starting deployment of "article.war" (runtime-name: "article.war")
2019-05-31 14:12:44,230 INFO  [org.wildfly.extension.undertow] (MSC service thread 1-4) WFLYUT0006: Undertow HTTPS listener https listening on 127.0.0.1:8443
2019-05-31 14:12:45,474 ERROR [org.jboss.as.controller.management-operation] (Controller Boot Thread) WFLYCTL0013: Operation ("add") failed - address: ([
    ("subsystem" => "undertow"),
    ("server" => "default-server"),
    ("http-listener" => "default")
]) - failure description: {"WFLYCTL0080: Failed services" => {"org.wildfly.undertow.listener.default" => "Address already in use /127.0.0.1:8080"}}
2019-05-31 14:12:45,481 INFO  [org.jboss.as.server] (ServerService Thread Pool -- 43) WFLYSRV0010: Deployed "article.war" (runtime-name : "article.war")
2019-05-31 14:12:45,482 INFO  [org.jboss.as.controller] (Controller Boot Thread) WFLYCTL0183: Service status report
WFLYCTL0186:   Services which failed to start:      service org.wildfly.undertow.listener.default: Address already in use /127.0.0.1:8080
WFLYCTL0448: 2 additional services are down due to their dependencies being missing or failed
2019-05-31 14:12:45,527 INFO  [org.jboss.as.server] (Controller Boot Thread) WFLYSRV0212: Resuming server
2019-05-31 14:12:45,529 INFO  [org.jboss.as] (Controller Boot Thread) WFLYSRV0060: Http management interface listening on http://127.0.0.1:9990/management
2019-05-31 14:12:45,529 INFO  [org.jboss.as] (Controller Boot Thread) WFLYSRV0051: Admin console listening on http://127.0.0.1:9990
2019-05-31 14:12:45,530 ERROR [org.jboss.as] (Controller Boot Thread) WFLYSRV0026: WildFly Full 16.0.0.Final (WildFly Core 8.0.0.Final) started (with errors) in 4588ms - Started 301 of 533 services (3 services failed or missing dependencies, 324 services are lazy, passive or on-demand)
2019-05-31 14:13:19,049 INFO  [org.jboss.as.server] (Thread-1) WFLYSRV0272: Suspending server
2019-05-31 14:13:19,053 INFO  [org.jboss.as.ejb3] (Thread-1) WFLYEJB0493: EJB subsystem suspension complete
2019-05-31 14:13:19,054 INFO  [org.jboss.as.server] (Thread-1) WFLYSRV0220: Server shutdown has been requested via an OS signal
2019-05-31 14:13:19,064 INFO  [org.jboss.as.connector.subsystems.datasources] (MSC service thread 1-1) WFLYJCA0010: Unbound data source [java:jboss/datasources/ExampleDS]
2019-05-31 14:13:19,070 INFO  [org.wildfly.extension.undertow] (MSC service thread 1-4) WFLYUT0008: Undertow HTTPS listener https suspending
2019-05-31 14:13:19,070 INFO  [org.jboss.as.mail.extension] (MSC service thread 1-5) WFLYMAIL0002: Unbound mail session [java:jboss/mail/Default]
2019-05-31 14:13:19,072 INFO  [org.wildfly.extension.undertow] (MSC service thread 1-2) WFLYUT0019: Host default-host stopping
2019-05-31 14:13:19,073 INFO  [org.wildfly.extension.undertow] (MSC service thread 1-4) WFLYUT0007: Undertow HTTPS listener https stopped, was bound to 127.0.0.1:8443
2019-05-31 14:13:19,075 INFO  [org.wildfly.extension.undertow] (MSC service thread 1-2) WFLYUT0004: Undertow 2.0.19.Final stopping
2019-05-31 14:13:19,079 INFO  [org.jboss.as.connector.deployers.jdbc] (MSC service thread 1-1) WFLYJCA0019: Stopped Driver service with driver-name = h2
2019-05-31 14:13:19,088 INFO  [org.jboss.as.server.deployment] (MSC service thread 1-8) WFLYSRV0028: Stopped deployment article.war (runtime-name: article.war) in 29ms
2019-05-31 14:13:19,091 INFO  [org.jboss.as] (MSC service thread 1-3) WFLYSRV0050: WildFly Full 16.0.0.Final (WildFly Core 8.0.0.Final) stopped in 32ms
2019-05-31 14:15:30,244 INFO  [org.jboss.modules] (main) JBoss Modules version 1.9.0.Final
2019-05-31 14:15:30,637 INFO  [org.jboss.msc] (main) JBoss MSC version 1.4.5.Final
2019-05-31 14:15:30,645 INFO  [org.jboss.threads] (main) JBoss Threads version 2.3.3.Final
2019-05-31 14:15:30,766 INFO  [org.jboss.as] (MSC service thread 1-2) WFLYSRV0049: WildFly Full 16.0.0.Final (WildFly Core 8.0.0.Final) starting
2019-05-31 14:15:30,768 DEBUG [org.jboss.as.config] (MSC service thread 1-2) Configured system properties:
	[Standalone] = 
	awt.toolkit = sun.awt.X11.XToolkit
	file.encoding = UTF-8
	file.separator = /
	java.awt.graphicsenv = sun.awt.X11GraphicsEnvironment
	java.awt.headless = true
	java.awt.printerjob = sun.print.PSPrinterJob
	java.class.path = /home/treshch/projects/another_qa/wildfly-16.0.0.Final/jboss-modules.jar
	java.class.version = 55.0
	java.home = /usr/lib/jvm/java-11-openjdk-amd64
	java.io.tmpdir = /tmp
	java.library.path = /usr/java/packages/lib:/usr/lib/x86_64-linux-gnu/jni:/lib/x86_64-linux-gnu:/usr/lib/x86_64-linux-gnu:/usr/lib/jni:/lib:/usr/lib
	java.net.preferIPv4Stack = true
	java.runtime.name = OpenJDK Runtime Environment
	java.runtime.version = 11.0.3+7-Ubuntu-1ubuntu218.04.1
	java.specification.name = Java Platform API Specification
	java.specification.vendor = Oracle Corporation
	java.specification.version = 11
	java.util.logging.manager = org.jboss.logmanager.LogManager
	java.vendor = Oracle Corporation
	java.vendor.url = http://java.oracle.com/
	java.vendor.url.bug = http://bugreport.java.com/bugreport/
	java.version = 11.0.3
	java.version.date = 2019-04-16
	java.vm.compressedOopsMode = 32-bit
	java.vm.info = mixed mode, sharing
	java.vm.name = OpenJDK 64-Bit Server VM
	java.vm.specification.name = Java Virtual Machine Specification
	java.vm.specification.vendor = Oracle Corporation
	java.vm.specification.version = 11
	java.vm.vendor = Oracle Corporation
	java.vm.version = 11.0.3+7-Ubuntu-1ubuntu218.04.1
	javax.management.builder.initial = org.jboss.as.jmx.PluggableMBeanServerBuilder
	jboss.home.dir = /home/treshch/projects/another_qa/wildfly-16.0.0.Final
	jboss.host.name = treshch
	jboss.modules.dir = /home/treshch/projects/another_qa/wildfly-16.0.0.Final/modules
	jboss.modules.system.pkgs = org.jboss.byteman
	jboss.node.name = treshch
	jboss.qualified.host.name = treshch
	jboss.server.base.dir = /home/treshch/projects/another_qa/wildfly-16.0.0.Final/standalone
	jboss.server.config.dir = /home/treshch/projects/another_qa/wildfly-16.0.0.Final/standalone/configuration
	jboss.server.data.dir = /home/treshch/projects/another_qa/wildfly-16.0.0.Final/standalone/data
	jboss.server.deploy.dir = /home/treshch/projects/another_qa/wildfly-16.0.0.Final/standalone/data/content
	jboss.server.log.dir = /home/treshch/projects/another_qa/wildfly-16.0.0.Final/standalone/log
	jboss.server.name = treshch
	jboss.server.persist.config = true
	jboss.server.temp.dir = /home/treshch/projects/another_qa/wildfly-16.0.0.Final/standalone/tmp
	jdk.debug = release
	line.separator = 

	logging.configuration = file:/home/treshch/projects/another_qa/wildfly-16.0.0.Final/standalone/configuration/logging.properties
	module.path = /home/treshch/projects/another_qa/wildfly-16.0.0.Final/modules
	org.jboss.boot.log.file = /home/treshch/projects/another_qa/wildfly-16.0.0.Final/standalone/log/server.log
	org.jboss.resolver.warning = true
	os.arch = amd64
	os.name = Linux
	os.version = 4.15.0-50-generic
	path.separator = :
	sun.arch.data.model = 64
	sun.boot.library.path = /usr/lib/jvm/java-11-openjdk-amd64/lib
	sun.cpu.endian = little
	sun.cpu.isalist = 
	sun.desktop = gnome
	sun.io.unicode.encoding = UnicodeLittle
	sun.java.command = /home/treshch/projects/another_qa/wildfly-16.0.0.Final/jboss-modules.jar -mp /home/treshch/projects/another_qa/wildfly-16.0.0.Final/modules org.jboss.as.standalone -Djboss.home.dir=/home/treshch/projects/another_qa/wildfly-16.0.0.Final -Djboss.server.base.dir=/home/treshch/projects/another_qa/wildfly-16.0.0.Final/standalone
	sun.java.launcher = SUN_STANDARD
	sun.jnu.encoding = UTF-8
	sun.management.compiler = HotSpot 64-Bit Tiered Compilers
	sun.os.patch.level = unknown
	user.country = US
	user.dir = /home/treshch/projects/another_qa/wildfly-16.0.0.Final/bin
	user.home = /home/treshch
	user.language = en
	user.name = treshch
	user.timezone = Europe/Kiev
2019-05-31 14:15:30,771 DEBUG [org.jboss.as.config] (MSC service thread 1-2) VM Arguments: -D[Standalone] -Xms64m -Xmx512m -XX:MetaspaceSize=96M -XX:MaxMetaspaceSize=256m -Djava.net.preferIPv4Stack=true -Djboss.modules.system.pkgs=org.jboss.byteman -Djava.awt.headless=true --add-exports=java.base/sun.nio.ch=ALL-UNNAMED --add-exports=jdk.unsupported/sun.misc=ALL-UNNAMED --add-exports=jdk.unsupported/sun.reflect=ALL-UNNAMED --add-modules=java.se -Dorg.jboss.boot.log.file=/home/treshch/projects/another_qa/wildfly-16.0.0.Final/standalone/log/server.log -Dlogging.configuration=file:/home/treshch/projects/another_qa/wildfly-16.0.0.Final/standalone/configuration/logging.properties 
2019-05-31 14:15:31,552 INFO  [org.wildfly.security] (ServerService Thread Pool -- 24) ELY00001: WildFly Elytron version 1.8.0.Final
2019-05-31 14:15:32,079 INFO  [org.jboss.as.controller.management-deprecated] (Controller Boot Thread) WFLYCTL0028: Attribute 'security-realm' in the resource at address '/core-service=management/management-interface=http-interface' is deprecated, and may be removed in a future version. See the attribute description in the output of the read-resource-description operation to learn more about the deprecation.
2019-05-31 14:15:32,105 INFO  [org.jboss.as.controller.management-deprecated] (ServerService Thread Pool -- 4) WFLYCTL0028: Attribute 'security-realm' in the resource at address '/subsystem=undertow/server=default-server/https-listener=https' is deprecated, and may be removed in a future version. See the attribute description in the output of the read-resource-description operation to learn more about the deprecation.
2019-05-31 14:15:32,297 INFO  [org.jboss.as.server] (Controller Boot Thread) WFLYSRV0039: Creating http management service using socket-binding (management-http)
2019-05-31 14:15:32,313 INFO  [org.xnio] (MSC service thread 1-5) XNIO version 3.6.5.Final
2019-05-31 14:15:32,321 INFO  [org.xnio.nio] (MSC service thread 1-5) XNIO NIO Implementation Version 3.6.5.Final
2019-05-31 14:15:32,372 INFO  [org.jboss.as.clustering.infinispan] (ServerService Thread Pool -- 49) WFLYCLINF0001: Activating Infinispan subsystem.
2019-05-31 14:15:32,373 INFO  [org.jboss.as.connector.subsystems.datasources] (ServerService Thread Pool -- 42) WFLYJCA0004: Deploying JDBC-compliant driver class org.h2.Driver (version 1.4)
2019-05-31 14:15:32,414 INFO  [org.jboss.as.connector] (MSC service thread 1-5) WFLYJCA0009: Starting JCA Subsystem (WildFly/IronJacamar 1.4.12.Final)
2019-05-31 14:15:32,412 INFO  [org.jboss.as.jaxrs] (ServerService Thread Pool -- 51) WFLYRS0016: RESTEasy version 3.6.3.Final
2019-05-31 14:15:32,436 INFO  [org.jboss.as.connector.deployers.jdbc] (MSC service thread 1-5) WFLYJCA0018: Started Driver service with driver-name = h2
2019-05-31 14:15:32,441 INFO  [org.jboss.as.jsf] (ServerService Thread Pool -- 56) WFLYJSF0007: Activated the following JSF Implementations: [main]
2019-05-31 14:15:32,446 INFO  [org.wildfly.extension.microprofile.config.smallrye._private] (ServerService Thread Pool -- 58) WFLYCONF0001: Activating WildFly MicroProfile Config Subsystem
2019-05-31 14:15:32,447 INFO  [org.jboss.remoting] (MSC service thread 1-7) JBoss Remoting version 5.0.8.Final
2019-05-31 14:15:32,458 INFO  [org.jboss.as.naming] (ServerService Thread Pool -- 62) WFLYNAM0001: Activating Naming Subsystem
2019-05-31 14:15:32,472 INFO  [org.wildfly.extension.microprofile.health.smallrye] (ServerService Thread Pool -- 59) WFLYHEALTH0001: Activating Eclipse MicroProfile Health Subsystem
2019-05-31 14:15:32,474 INFO  [org.wildfly.extension.microprofile.metrics.smallrye] (ServerService Thread Pool -- 60) WFLYMETRICS0001: Activating Eclipse MicroProfile Metrics Subsystem
2019-05-31 14:15:32,457 INFO  [org.wildfly.extension.io] (ServerService Thread Pool -- 50) WFLYIO001: Worker 'default' has auto-configured to 16 core threads with 128 task threads based on your 8 available processors
2019-05-31 14:15:32,460 INFO  [org.jboss.as.mail.extension] (MSC service thread 1-3) WFLYMAIL0002: Unbound mail session [java:jboss/mail/Default]
2019-05-31 14:15:32,513 INFO  [org.wildfly.extension.microprofile.opentracing] (ServerService Thread Pool -- 61) WFLYTRACEXT0001: Activating MicroProfile OpenTracing Subsystem
2019-05-31 14:15:32,518 INFO  [org.jboss.as.security] (ServerService Thread Pool -- 68) WFLYSEC0002: Activating Security Subsystem
2019-05-31 14:15:32,519 INFO  [org.jboss.as.connector.subsystems.datasources] (MSC service thread 1-1) WFLYJCA0010: Unbound data source [java:jboss/datasources/ExampleDS]
2019-05-31 14:15:32,533 INFO  [org.jboss.as.webservices] (ServerService Thread Pool -- 72) WFLYWS0002: Activating WebServices Extension
2019-05-31 14:15:32,544 INFO  [org.jboss.as.mail.extension] (MSC service thread 1-2) WFLYMAIL0001: Bound mail session [java:jboss/mail/Default]
2019-05-31 14:15:32,549 INFO  [org.wildfly.extension.undertow] (MSC service thread 1-2) WFLYUT0003: Undertow 2.0.19.Final starting
2019-05-31 14:15:32,539 INFO  [org.jboss.as.naming] (MSC service thread 1-5) WFLYNAM0003: Starting Naming Service
2019-05-31 14:15:32,545 INFO  [org.jboss.as.security] (MSC service thread 1-7) WFLYSEC0001: Current PicketBox version=5.0.3.Final
2019-05-31 14:15:32,509 WARN  [org.jboss.as.txn] (ServerService Thread Pool -- 70) WFLYTX0013: The node-identifier attribute on the /subsystem=transactions is set to the default value. This is a danger for environments running multiple servers. Please make sure the attribute value is unique.
2019-05-31 14:15:32,569 INFO  [io.smallrye.metrics] (MSC service thread 1-8) Converted [2] config entries and added [4] replacements
2019-05-31 14:15:32,572 INFO  [io.smallrye.metrics] (MSC service thread 1-8) Converted [3] config entries and added [18] replacements
2019-05-31 14:15:32,574 INFO  [org.jboss.as.ejb3] (MSC service thread 1-2) WFLYEJB0482: Strict pool mdb-strict-max-pool is using a max instance size of 32 (per class), which is derived from the number of CPUs on this host.
2019-05-31 14:15:32,574 INFO  [org.jboss.as.ejb3] (MSC service thread 1-6) WFLYEJB0481: Strict pool slsb-strict-max-pool is using a max instance size of 128 (per class), which is derived from thread worker pool sizing.
2019-05-31 14:15:32,705 INFO  [org.wildfly.extension.undertow] (ServerService Thread Pool -- 71) WFLYUT0014: Creating file handler for path '/home/treshch/projects/another_qa/wildfly-16.0.0.Final/welcome-content' with options [directory-listing: 'false', follow-symlink: 'false', case-sensitive: 'true', safe-symlink-paths: '[]']
2019-05-31 14:15:32,716 INFO  [org.wildfly.extension.undertow] (MSC service thread 1-8) WFLYUT0012: Started server default-server.
2019-05-31 14:15:32,717 INFO  [org.wildfly.extension.undertow] (MSC service thread 1-5) WFLYUT0018: Host default-host starting
2019-05-31 14:15:32,819 INFO  [org.wildfly.extension.undertow] (MSC service thread 1-8) WFLYUT0006: Undertow HTTP listener default listening on 127.0.0.1:8080
2019-05-31 14:15:32,912 INFO  [org.jboss.as.ejb3] (MSC service thread 1-7) WFLYEJB0493: EJB subsystem suspension complete
2019-05-31 14:15:32,977 INFO  [org.jboss.as.connector.subsystems.datasources] (MSC service thread 1-6) WFLYJCA0001: Bound data source [java:jboss/datasources/ExampleDS]
2019-05-31 14:15:33,128 INFO  [org.jboss.as.patching] (MSC service thread 1-3) WFLYPAT0050: WildFly Full cumulative patch ID is: base, one-off patches include: none
2019-05-31 14:15:33,145 WARN  [org.jboss.as.domain.management.security] (MSC service thread 1-2) WFLYDM0111: Keystore /home/treshch/projects/another_qa/wildfly-16.0.0.Final/standalone/configuration/application.keystore not found, it will be auto generated on first use with a self signed certificate for host localhost
2019-05-31 14:15:33,152 INFO  [org.jboss.as.server.deployment.scanner] (MSC service thread 1-4) WFLYDS0013: Started FileSystemDeploymentService for directory /home/treshch/projects/another_qa/wildfly-16.0.0.Final/standalone/deployments
2019-05-31 14:15:33,166 INFO  [org.jboss.as.server.deployment] (MSC service thread 1-3) WFLYSRV0027: Starting deployment of "article.war" (runtime-name: "article.war")
2019-05-31 14:15:33,241 INFO  [org.wildfly.extension.undertow] (MSC service thread 1-3) WFLYUT0006: Undertow HTTPS listener https listening on 127.0.0.1:8443
2019-05-31 14:15:33,317 INFO  [org.jboss.ws.common.management] (MSC service thread 1-6) JBWS022052: Starting JBossWS 5.2.4.Final (Apache CXF 3.2.7) 
2019-05-31 14:15:34,837 INFO  [org.jboss.as.jpa] (MSC service thread 1-3) WFLYJPA0002: Read persistence.xml for hot
2019-05-31 14:15:35,118 INFO  [org.jboss.as.jpa] (ServerService Thread Pool -- 74) WFLYJPA0010: Starting Persistence Unit (phase 1 of 2) Service 'article.war#hot'
2019-05-31 14:15:35,134 INFO  [org.hibernate.jpa.internal.util.LogHelper] (ServerService Thread Pool -- 74) HHH000204: Processing PersistenceUnitInfo [
	name: hot
	...]
2019-05-31 14:15:35,192 INFO  [org.jboss.weld.deployer] (MSC service thread 1-4) WFLYWELD0003: Processing weld deployment article.war
2019-05-31 14:15:35,217 INFO  [org.hibernate.Version] (ServerService Thread Pool -- 74) HHH000412: Hibernate Core {5.3.9.Final}
2019-05-31 14:15:35,218 INFO  [org.hibernate.cfg.Environment] (ServerService Thread Pool -- 74) HHH000206: hibernate.properties not found
2019-05-31 14:15:35,335 INFO  [org.hibernate.validator.internal.util.Version] (MSC service thread 1-4) HV000001: Hibernate Validator 6.0.15.Final
2019-05-31 14:15:35,389 INFO  [org.hibernate.annotations.common.Version] (ServerService Thread Pool -- 74) HCANN000001: Hibernate Commons Annotations {5.0.5.Final}
2019-05-31 14:15:35,709 INFO  [org.infinispan.factories.GlobalComponentRegistry] (MSC service thread 1-3) ISPN000128: Infinispan version: Infinispan 'Infinity Minus ONE +2' 9.4.8.Final
2019-05-31 14:15:35,907 INFO  [org.jboss.weld.Version] (MSC service thread 1-2) WELD-000900: 3.1.0 (Final)
2019-05-31 14:15:36,148 INFO  [org.jboss.as.clustering.infinispan] (ServerService Thread Pool -- 74) WFLYCLINF0002: Started client-mappings cache from ejb container
2019-05-31 14:15:36,189 INFO  [org.jboss.as.jpa] (ServerService Thread Pool -- 75) WFLYJPA0010: Starting Persistence Unit (phase 2 of 2) Service 'article.war#hot'
2019-05-31 14:15:36,368 INFO  [org.hibernate.dialect.Dialect] (ServerService Thread Pool -- 75) HHH000400: Using dialect: org.hibernate.dialect.H2Dialect
2019-05-31 14:15:36,374 WARN  [org.hibernate.dialect.H2Dialect] (ServerService Thread Pool -- 75) HHH000431: Unable to determine H2 database version, certain features may not work
2019-05-31 14:15:36,447 INFO  [org.hibernate.envers.boot.internal.EnversServiceImpl] (ServerService Thread Pool -- 75) Envers integration enabled? : true
2019-05-31 14:15:37,063 INFO  [org.hibernate.tool.schema.internal.SchemaCreatorImpl] (ServerService Thread Pool -- 75) HHH000476: Executing import script 'org.hibernate.tool.schema.internal.exec.ScriptSourceInputNonExistentImpl@6db49c3f'
2019-05-31 14:15:37,190 INFO  [io.smallrye.metrics] (MSC service thread 1-6) MicroProfile: Metrics activated
2019-05-31 14:15:37,259 WARN  [org.jboss.weld.Bootstrap] (MSC service thread 1-6) WELD-000146: BeforeBeanDiscovery.addAnnotatedType(AnnotatedType<?>) used for class com.sun.faces.flow.FlowDiscoveryCDIHelper is deprecated from CDI 1.1!
2019-05-31 14:15:37,821 INFO  [javax.enterprise.resource.webcontainer.jsf.config] (ServerService Thread Pool -- 75) Initializing Mojarra 2.3.9.SP01 for context '/article'
2019-05-31 14:15:38,906 INFO  [org.primefaces.webapp.PostConstructApplicationEventListener] (ServerService Thread Pool -- 75) Running on PrimeFaces 5.0
2019-05-31 14:15:38,990 INFO  [org.wildfly.extension.undertow] (ServerService Thread Pool -- 75) WFLYUT0021: Registered web context: '/article' for server 'default-server'
2019-05-31 14:15:39,072 INFO  [org.jboss.as.server] (ServerService Thread Pool -- 43) WFLYSRV0010: Deployed "article.war" (runtime-name : "article.war")
2019-05-31 14:15:39,108 INFO  [org.jboss.as.server] (Controller Boot Thread) WFLYSRV0212: Resuming server
2019-05-31 14:15:39,111 INFO  [org.jboss.as] (Controller Boot Thread) WFLYSRV0060: Http management interface listening on http://127.0.0.1:9990/management
2019-05-31 14:15:39,111 INFO  [org.jboss.as] (Controller Boot Thread) WFLYSRV0051: Admin console listening on http://127.0.0.1:9990
2019-05-31 14:15:39,111 INFO  [org.jboss.as] (Controller Boot Thread) WFLYSRV0025: WildFly Full 16.0.0.Final (WildFly Core 8.0.0.Final) started in 9121ms - Started 505 of 693 services (329 services are lazy, passive or on-demand)
2019-05-31 14:26:44,086 INFO  [org.jboss.as.server] (Thread-1) WFLYSRV0272: Suspending server
2019-05-31 14:26:44,090 INFO  [org.jboss.as.ejb3] (Thread-1) WFLYEJB0493: EJB subsystem suspension complete
2019-05-31 14:26:44,091 INFO  [org.jboss.as.server] (Thread-1) WFLYSRV0220: Server shutdown has been requested via an OS signal
2019-05-31 14:26:44,113 INFO  [org.jboss.as.mail.extension] (MSC service thread 1-4) WFLYMAIL0002: Unbound mail session [java:jboss/mail/Default]
2019-05-31 14:26:44,115 INFO  [org.wildfly.extension.undertow] (ServerService Thread Pool -- 75) WFLYUT0022: Unregistered web context: '/article' from server 'default-server'
2019-05-31 14:26:44,131 INFO  [org.wildfly.extension.undertow] (MSC service thread 1-4) WFLYUT0019: Host default-host stopping
2019-05-31 14:26:44,144 INFO  [org.jboss.as.jpa] (ServerService Thread Pool -- 85) WFLYJPA0011: Stopping Persistence Unit (phase 2 of 2) Service 'article.war#hot'
2019-05-31 14:26:44,148 INFO  [org.jboss.as.clustering.infinispan] (ServerService Thread Pool -- 86) WFLYCLINF0003: Stopped client-mappings cache from ejb container
2019-05-31 14:26:44,148 INFO  [org.hibernate.orm.beans] (ServerService Thread Pool -- 85) HHH10005004: Stopping BeanContainer : org.hibernate.resource.beans.container.internal.CdiBeanContainerExtendedAccessImpl@25b6d326
2019-05-31 14:26:44,151 INFO  [org.jboss.as.jpa] (ServerService Thread Pool -- 85) WFLYJPA0011: Stopping Persistence Unit (phase 1 of 2) Service 'article.war#hot'
2019-05-31 14:26:44,151 INFO  [org.jboss.as.connector.subsystems.datasources] (MSC service thread 1-1) WFLYJCA0010: Unbound data source [java:jboss/datasources/ExampleDS]
2019-05-31 14:26:44,159 INFO  [org.jboss.as.connector.deployers.jdbc] (MSC service thread 1-5) WFLYJCA0019: Stopped Driver service with driver-name = h2
2019-05-31 14:26:44,177 INFO  [org.wildfly.extension.undertow] (MSC service thread 1-4) WFLYUT0008: Undertow HTTP listener default suspending
2019-05-31 14:26:44,177 INFO  [org.wildfly.extension.undertow] (MSC service thread 1-7) WFLYUT0008: Undertow HTTPS listener https suspending
2019-05-31 14:26:44,179 INFO  [org.wildfly.extension.undertow] (MSC service thread 1-4) WFLYUT0007: Undertow HTTP listener default stopped, was bound to 127.0.0.1:8080
2019-05-31 14:26:44,179 INFO  [org.wildfly.extension.undertow] (MSC service thread 1-7) WFLYUT0007: Undertow HTTPS listener https stopped, was bound to 127.0.0.1:8443
2019-05-31 14:26:44,182 INFO  [org.wildfly.extension.undertow] (MSC service thread 1-4) WFLYUT0004: Undertow 2.0.19.Final stopping
2019-05-31 14:26:44,204 INFO  [org.jboss.as.server.deployment] (MSC service thread 1-3) WFLYSRV0028: Stopped deployment article.war (runtime-name: article.war) in 110ms
2019-05-31 14:26:44,210 INFO  [org.jboss.as] (MSC service thread 1-1) WFLYSRV0050: WildFly Full 16.0.0.Final (WildFly Core 8.0.0.Final) stopped in 116ms
2019-05-31 14:26:51,794 INFO  [org.jboss.modules] (main) JBoss Modules version 1.9.0.Final
2019-05-31 14:26:52,257 INFO  [org.jboss.msc] (main) JBoss MSC version 1.4.5.Final
2019-05-31 14:26:52,264 INFO  [org.jboss.threads] (main) JBoss Threads version 2.3.3.Final
2019-05-31 14:26:52,385 INFO  [org.jboss.as] (MSC service thread 1-2) WFLYSRV0049: WildFly Full 16.0.0.Final (WildFly Core 8.0.0.Final) starting
2019-05-31 14:26:52,386 DEBUG [org.jboss.as.config] (MSC service thread 1-2) Configured system properties:
	[Standalone] = 
	awt.toolkit = sun.awt.X11.XToolkit
	file.encoding = UTF-8
	file.separator = /
	java.awt.graphicsenv = sun.awt.X11GraphicsEnvironment
	java.awt.headless = true
	java.awt.printerjob = sun.print.PSPrinterJob
	java.class.path = /home/treshch/projects/another_qa/wildfly-16.0.0.Final/jboss-modules.jar
	java.class.version = 55.0
	java.home = /usr/lib/jvm/java-11-openjdk-amd64
	java.io.tmpdir = /tmp
	java.library.path = /usr/java/packages/lib:/usr/lib/x86_64-linux-gnu/jni:/lib/x86_64-linux-gnu:/usr/lib/x86_64-linux-gnu:/usr/lib/jni:/lib:/usr/lib
	java.net.preferIPv4Stack = true
	java.runtime.name = OpenJDK Runtime Environment
	java.runtime.version = 11.0.3+7-Ubuntu-1ubuntu218.04.1
	java.specification.name = Java Platform API Specification
	java.specification.vendor = Oracle Corporation
	java.specification.version = 11
	java.util.logging.manager = org.jboss.logmanager.LogManager
	java.vendor = Oracle Corporation
	java.vendor.url = http://java.oracle.com/
	java.vendor.url.bug = http://bugreport.java.com/bugreport/
	java.version = 11.0.3
	java.version.date = 2019-04-16
	java.vm.compressedOopsMode = 32-bit
	java.vm.info = mixed mode, sharing
	java.vm.name = OpenJDK 64-Bit Server VM
	java.vm.specification.name = Java Virtual Machine Specification
	java.vm.specification.vendor = Oracle Corporation
	java.vm.specification.version = 11
	java.vm.vendor = Oracle Corporation
	java.vm.version = 11.0.3+7-Ubuntu-1ubuntu218.04.1
	javax.management.builder.initial = org.jboss.as.jmx.PluggableMBeanServerBuilder
	jboss.home.dir = /home/treshch/projects/another_qa/wildfly-16.0.0.Final
	jboss.host.name = treshch
	jboss.modules.dir = /home/treshch/projects/another_qa/wildfly-16.0.0.Final/modules
	jboss.modules.system.pkgs = org.jboss.byteman
	jboss.node.name = treshch
	jboss.qualified.host.name = treshch
	jboss.server.base.dir = /home/treshch/projects/another_qa/wildfly-16.0.0.Final/standalone
	jboss.server.config.dir = /home/treshch/projects/another_qa/wildfly-16.0.0.Final/standalone/configuration
	jboss.server.data.dir = /home/treshch/projects/another_qa/wildfly-16.0.0.Final/standalone/data
	jboss.server.deploy.dir = /home/treshch/projects/another_qa/wildfly-16.0.0.Final/standalone/data/content
	jboss.server.log.dir = /home/treshch/projects/another_qa/wildfly-16.0.0.Final/standalone/log
	jboss.server.name = treshch
	jboss.server.persist.config = true
	jboss.server.temp.dir = /home/treshch/projects/another_qa/wildfly-16.0.0.Final/standalone/tmp
	jdk.debug = release
	line.separator = 

	logging.configuration = file:/home/treshch/projects/another_qa/wildfly-16.0.0.Final/standalone/configuration/logging.properties
	module.path = /home/treshch/projects/another_qa/wildfly-16.0.0.Final/modules
	org.jboss.boot.log.file = /home/treshch/projects/another_qa/wildfly-16.0.0.Final/standalone/log/server.log
	org.jboss.resolver.warning = true
	os.arch = amd64
	os.name = Linux
	os.version = 4.15.0-50-generic
	path.separator = :
	sun.arch.data.model = 64
	sun.boot.library.path = /usr/lib/jvm/java-11-openjdk-amd64/lib
	sun.cpu.endian = little
	sun.cpu.isalist = 
	sun.desktop = gnome
	sun.io.unicode.encoding = UnicodeLittle
	sun.java.command = /home/treshch/projects/another_qa/wildfly-16.0.0.Final/jboss-modules.jar -mp /home/treshch/projects/another_qa/wildfly-16.0.0.Final/modules org.jboss.as.standalone -Djboss.home.dir=/home/treshch/projects/another_qa/wildfly-16.0.0.Final -Djboss.server.base.dir=/home/treshch/projects/another_qa/wildfly-16.0.0.Final/standalone
	sun.java.launcher = SUN_STANDARD
	sun.jnu.encoding = UTF-8
	sun.management.compiler = HotSpot 64-Bit Tiered Compilers
	sun.os.patch.level = unknown
	user.country = US
	user.dir = /home/treshch/projects/another_qa/wildfly-16.0.0.Final/bin
	user.home = /home/treshch
	user.language = en
	user.name = treshch
	user.timezone = Europe/Kiev
2019-05-31 14:26:52,389 DEBUG [org.jboss.as.config] (MSC service thread 1-2) VM Arguments: -D[Standalone] -Xms64m -Xmx512m -XX:MetaspaceSize=96M -XX:MaxMetaspaceSize=256m -Djava.net.preferIPv4Stack=true -Djboss.modules.system.pkgs=org.jboss.byteman -Djava.awt.headless=true --add-exports=java.base/sun.nio.ch=ALL-UNNAMED --add-exports=jdk.unsupported/sun.misc=ALL-UNNAMED --add-exports=jdk.unsupported/sun.reflect=ALL-UNNAMED --add-modules=java.se -Dorg.jboss.boot.log.file=/home/treshch/projects/another_qa/wildfly-16.0.0.Final/standalone/log/server.log -Dlogging.configuration=file:/home/treshch/projects/another_qa/wildfly-16.0.0.Final/standalone/configuration/logging.properties 
2019-05-31 14:26:53,145 INFO  [org.wildfly.security] (ServerService Thread Pool -- 22) ELY00001: WildFly Elytron version 1.8.0.Final
2019-05-31 14:26:53,189 INFO  [org.jboss.as.server] (Thread-1) WFLYSRV0220: Server shutdown has been requested via an OS signal
2019-05-31 14:26:53,202 INFO  [org.jboss.as] (MSC service thread 1-8) WFLYSRV0050: WildFly Full 16.0.0.Final (WildFly Core 8.0.0.Final) stopped in 9ms
